# JRE version: Java(TM) SE Runtime Environment (18.0.2+9) (build 18.0.2+9-61)
# Java VM: Java HotSpot(TM) 64-Bit Server VM (18.0.2+9-61, mixed mode, sharing, tiered, compressed oops, compressed class ptrs, g1 gc, windows-amd64)
GC Precious Log:
 CardTable entry size: 512
 Card Set container configuration: InlinePtr #cards 5 size 8 Array Of Cards #cards 12 size 40 Howl #buckets 4 coarsen threshold 1843 Howl Bitmap #cards 512 size 80 coarsen threshold 460 Card regions per heap region 1 cards per card region 2048
 CPUs: 8 total, 8 available
 Memory: 3973M
 Large Page Support: Disabled
 NUMA Support: Disabled
 Compressed Oops: Enabled (32-bit)
 Heap Region Size: 1M
 Heap Min Capacity: 8M
 Heap Initial Capacity: 64M
 Heap Max Capacity: 994M
 Pre-touch: Disabled
 Parallel Workers: 8
 Concurrent Workers: 2
 Concurrent Refinement Workers: 8
 Periodic GC: Disabled
Heap:
 garbage-first heap   total 327680K, used 147351K [0x00000000c1e00000, 0x0000000100000000)
  region size 1024K, 93 young (95232K), 5 survivors (5120K)
 Metaspace       used 90079K, committed 90880K, reserved 1179648K
  class space    used 11957K, committed 12352K, reserved 1048576K
GC Heap History (20 events):
Event: 15.269 GC heap after
{Heap after GC invocations=35 (full 0):
 garbage-first heap   total 163840K, used 51514K [0x00000000c1e00000, 0x0000000100000000)
  region size 1024K, 3 young (3072K), 3 survivors (3072K)
 Metaspace       used 67619K, committed 68288K, reserved 1114112K
  class space    used 9372K, committed 9728K, reserved 1048576K
}
Event: 16.037 GC heap before
{Heap before GC invocations=35 (full 0):
 garbage-first heap   total 163840K, used 125242K [0x00000000c1e00000, 0x0000000100000000)
  region size 1024K, 75 young (76800K), 3 survivors (3072K)
 Metaspace       used 68648K, committed 69376K, reserved 1114112K
  class space    used 9505K, committed 9856K, reserved 1048576K
}
Event: 16.057 GC heap after
{Heap after GC invocations=36 (full 0):
 garbage-first heap   total 163840K, used 53714K [0x00000000c1e00000, 0x0000000100000000)
  region size 1024K, 6 young (6144K), 6 survivors (6144K)
 Metaspace       used 68648K, committed 69376K, reserved 1114112K
  class space    used 9505K, committed 9856K, reserved 1048576K
}
Event: 17.499 GC heap before
{Heap before GC invocations=36 (full 0):
 garbage-first heap   total 163840K, used 127442K [0x00000000c1e00000, 0x0000000100000000)
  region size 1024K, 78 young (79872K), 6 survivors (6144K)
 Metaspace       used 72270K, committed 72960K, reserved 1114112K
  class space    used 9923K, committed 10240K, reserved 1048576K
}
Event: 17.507 GC heap after
{Heap after GC invocations=37 (full 0):
 garbage-first heap   total 163840K, used 55740K [0x00000000c1e00000, 0x0000000100000000)
  region size 1024K, 8 young (8192K), 8 survivors (8192K)
 Metaspace       used 72270K, committed 72960K, reserved 1114112K
  class space    used 9923K, committed 10240K, reserved 1048576K
}
Event: 17.864 GC heap before
{Heap before GC invocations=37 (full 0):
 garbage-first heap   total 163840K, used 130492K [0x00000000c1e00000, 0x0000000100000000)
  region size 1024K, 81 young (82944K), 8 survivors (8192K)
 Metaspace       used 72458K, committed 73088K, reserved 1114112K
  class space    used 9929K, committed 10240K, reserved 1048576K
}
Event: 17.888 GC heap after
{Heap after GC invocations=38 (full 0):
 garbage-first heap   total 163840K, used 57967K [0x00000000c1e00000, 0x0000000100000000)
  region size 1024K, 7 young (7168K), 7 survivors (7168K)
 Metaspace       used 72458K, committed 73088K, reserved 1114112K
  class space    used 9929K, committed 10240K, reserved 1048576K
}
Event: 19.470 GC heap before
{Heap before GC invocations=38 (full 0):
 garbage-first heap   total 163840K, used 133743K [0x00000000c1e00000, 0x0000000100000000)
  region size 1024K, 81 young (82944K), 7 survivors (7168K)
 Metaspace       used 76670K, committed 77376K, reserved 1179648K
  class space    used 10474K, committed 10816K, reserved 1048576K
}
Event: 19.502 GC heap after
{Heap after GC invocations=39 (full 0):
 garbage-first heap   total 163840K, used 61918K [0x00000000c1e00000, 0x0000000100000000)
  region size 1024K, 8 young (8192K), 8 survivors (8192K)
 Metaspace       used 76670K, committed 77376K, reserved 1179648K
  class space    used 10474K, committed 10816K, reserved 1048576K
}
Event: 83.981 GC heap before
{Heap before GC invocations=39 (full 0):
 garbage-first heap   total 163840K, used 133598K [0x00000000c1e00000, 0x0000000100000000)
  region size 1024K, 79 young (80896K), 8 survivors (8192K)
 Metaspace       used 86736K, committed 87488K, reserved 1179648K
  class space    used 11747K, committed 12096K, reserved 1048576K
}
Event: 84.054 GC heap after
{Heap after GC invocations=40 (full 0):
 garbage-first heap   total 163840K, used 67668K [0x00000000c1e00000, 0x0000000100000000)
  region size 1024K, 10 young (10240K), 10 survivors (10240K)
 Metaspace       used 86736K, committed 87488K, reserved 1179648K
  class space    used 11747K, committed 12096K, reserved 1048576K
}
Event: 224.105 GC heap before
{Heap before GC invocations=40 (full 0):
 garbage-first heap   total 163840K, used 89172K [0x00000000c1e00000, 0x0000000100000000)
  region size 1024K, 32 young (32768K), 10 survivors (10240K)
 Metaspace       used 87467K, committed 88320K, reserved 1179648K
  class space    used 11831K, committed 12224K, reserved 1048576K
}
Event: 225.758 GC heap after
{Heap after GC invocations=41 (full 1):
 garbage-first heap   total 163840K, used 48245K [0x00000000c1e00000, 0x0000000100000000)
  region size 1024K, 0 young (0K), 0 survivors (0K)
 Metaspace       used 87448K, committed 88320K, reserved 1179648K
  class space    used 11828K, committed 12224K, reserved 1048576K
}
Event: 229.920 GC heap before
{Heap before GC invocations=41 (full 1):
 garbage-first heap   total 163840K, used 129141K [0x00000000c1e00000, 0x0000000100000000)
  region size 1024K, 79 young (80896K), 0 survivors (0K)
 Metaspace       used 88489K, committed 89344K, reserved 1179648K
  class space    used 11879K, committed 12288K, reserved 1048576K
}
Event: 229.945 GC heap after
{Heap after GC invocations=42 (full 1):
 garbage-first heap   total 163840K, used 55711K [0x00000000c1e00000, 0x0000000100000000)
  region size 1024K, 8 young (8192K), 8 survivors (8192K)
 Metaspace       used 88489K, committed 89344K, reserved 1179648K
  class space    used 11879K, committed 12288K, reserved 1048576K
}
Event: 230.773 GC heap before
{Heap before GC invocations=42 (full 1):
 garbage-first heap   total 163840K, used 129439K [0x00000000c1e00000, 0x0000000100000000)
  region size 1024K, 80 young (81920K), 8 survivors (8192K)
 Metaspace       used 89221K, committed 90112K, reserved 1179648K
  class space    used 11915K, committed 12352K, reserved 1048576K
}
Event: 230.798 GC heap after
{Heap after GC invocations=43 (full 1):
 garbage-first heap   total 163840K, used 57151K [0x00000000c1e00000, 0x0000000100000000)
  region size 1024K, 3 young (3072K), 3 survivors (3072K)
 Metaspace       used 89221K, committed 90112K, reserved 1179648K
  class space    used 11915K, committed 12352K, reserved 1048576K
}
Event: 231.327 GC heap before
{Heap before GC invocations=43 (full 1):
 garbage-first heap   total 163840K, used 131903K [0x00000000c1e00000, 0x0000000100000000)
  region size 1024K, 76 young (77824K), 3 survivors (3072K)
 Metaspace       used 89525K, committed 90368K, reserved 1179648K
  class space    used 11923K, committed 12352K, reserved 1048576K
}
Event: 231.365 GC heap after
{Heap after GC invocations=44 (full 1):
 garbage-first heap   total 327680K, used 58263K [0x00000000c1e00000, 0x0000000100000000)
  region size 1024K, 5 young (5120K), 5 survivors (5120K)
 Metaspace       used 89525K, committed 90368K, reserved 1179648K
  class space    used 11923K, committed 12352K, reserved 1048576K
}
Event: 248.551 GC heap before
{Heap before GC invocations=44 (full 1):
 garbage-first heap   total 327680K, used 147351K [0x00000000c1e00000, 0x0000000100000000)
  region size 1024K, 93 young (95232K), 5 survivors (5120K)
 Metaspace       used 90079K, committed 90880K, reserved 1179648K
  class space    used 11957K, committed 12352K, reserved 1048576K
}

